platforms/android/app/build/intermediates/manifest_merge_blame_file/debug/processDebugMainManifest/manifest-merger-blame-debug-report.txt
1<?xml version="1.0" encoding="utf-8"?>
2<manifest xmlns:android="http://schemas.android.com/apk/res/android"
3    package="com.exemplo.App3fit"
4    android:hardwareAccelerated="true"
5    android:versionCode="10000"
6    android:versionName="1.0.0" >
7
8    <uses-sdk
9        android:minSdkVersion="24"
10        android:targetSdkVersion="35" />
11
12    <supports-screens
12-->src\main\AndroidManifest.xml:3:5-191
13        android:anyDensity="true"
13-->src\main\AndroidManifest.xml:3:23-48
14        android:largeScreens="true"
14-->src\main\AndroidManifest.xml:3:49-76
15        android:normalScreens="true"
15-->src\main\AndroidManifest.xml:3:77-105
16        android:resizeable="true"
16-->src\main\AndroidManifest.xml:3:106-131
17        android:smallScreens="true"
17-->src\main\AndroidManifest.xml:3:132-159
18        android:xlargeScreens="true" />
18-->src\main\AndroidManifest.xml:3:160-188
19
20    <uses-permission android:name="android.permission.INTERNET" />
20-->src\main\AndroidManifest.xml:4:5-67
20-->src\main\AndroidManifest.xml:4:22-64
21
22    <queries>
22-->src\main\AndroidManifest.xml:28:5-32:15
23        <intent>
23-->src\main\AndroidManifest.xml:29:9-31:18
24            <action android:name="android.media.action.IMAGE_CAPTURE" />
24-->src\main\AndroidManifest.xml:30:13-73
24-->src\main\AndroidManifest.xml:30:21-70
25        </intent>
26    </queries>
27
28    <permission
28-->[androidx.core:core:1.13.0] AndroidManifest.xml:22:5-24:47
29        android:name="com.exemplo.App3fit.DYNAMIC_RECEIVER_NOT_EXPORTED_PERMISSION"
29-->[androidx.core:core:1.13.0] AndroidManifest.xml:23:9-81
30        android:protectionLevel="signature" />
30-->[androidx.core:core:1.13.0] AndroidManifest.xml:24:9-44
31
32    <uses-permission android:name="com.exemplo.App3fit.DYNAMIC_RECEIVER_NOT_EXPORTED_PERMISSION" />
32-->[androidx.core:core:1.13.0] AndroidManifest.xml:26:5-97
32-->[androidx.core:core:1.13.0] AndroidManifest.xml:26:22-94
33
34    <application
34-->src\main\AndroidManifest.xml:5:5-27:19
35        android:appComponentFactory="androidx.core.app.CoreComponentFactory"
35-->[androidx.core:core:1.13.0] AndroidManifest.xml:28:18-86
36        android:debuggable="true"
37        android:extractNativeLibs="false"
38        android:hardwareAccelerated="true"
38-->src\main\AndroidManifest.xml:5:18-52
39        android:icon="@mipmap/ic_launcher"
39-->src\main\AndroidManifest.xml:5:53-87
40        android:label="@string/app_name"
40-->src\main\AndroidManifest.xml:5:88-120
41        android:supportsRtl="true" >
41-->src\main\AndroidManifest.xml:5:121-147
42        <activity
42-->src\main\AndroidManifest.xml:6:9-23:20
43            android:name="com.exemplo.App3fit.MainActivity"
43-->src\main\AndroidManifest.xml:6:240-267
44            android:configChanges="orientation|keyboardHidden|keyboard|screenSize|locale|smallestScreenSize|screenLayout|uiMode|navigation"
44-->src\main\AndroidManifest.xml:6:19-146
45            android:exported="true"
45-->src\main\AndroidManifest.xml:6:147-170
46            android:label="@string/activity_name"
46-->src\main\AndroidManifest.xml:6:171-208
47            android:launchMode="singleTop"
47-->src\main\AndroidManifest.xml:6:209-239
48            android:theme="@style/Theme.App.SplashScreen"
48-->src\main\AndroidManifest.xml:6:268-313
49            android:windowSoftInputMode="adjustResize" >
49-->src\main\AndroidManifest.xml:6:314-356
50            <intent-filter android:label="@string/launcher_name" >
50-->src\main\AndroidManifest.xml:7:13-10:29
50-->src\main\AndroidManifest.xml:7:28-65
51                <action android:name="android.intent.action.MAIN" />
51-->src\main\AndroidManifest.xml:8:17-69
51-->src\main\AndroidManifest.xml:8:25-66
52
53                <category android:name="android.intent.category.LAUNCHER" />
53-->src\main\AndroidManifest.xml:9:17-77
53-->src\main\AndroidManifest.xml:9:27-74
54            </intent-filter>
55            <intent-filter>
55-->src\main\AndroidManifest.xml:11:13-16:29
56                <action android:name="android.intent.action.VIEW" />
56-->src\main\AndroidManifest.xml:12:17-69
56-->src\main\AndroidManifest.xml:12:25-66
57
58                <category android:name="android.intent.category.DEFAULT" />
58-->src\main\AndroidManifest.xml:13:17-76
58-->src\main\AndroidManifest.xml:13:27-73
59                <category android:name="android.intent.category.BROWSABLE" />
59-->src\main\AndroidManifest.xml:14:17-78
59-->src\main\AndroidManifest.xml:14:27-75
60
61                <data android:scheme="app3fit" />
61-->src\main\AndroidManifest.xml:15:17-50
61-->src\main\AndroidManifest.xml:15:23-47
62            </intent-filter>
63            <intent-filter>
63-->src\main\AndroidManifest.xml:17:13-22:29
64                <action android:name="android.intent.action.VIEW" />
64-->src\main\AndroidManifest.xml:12:17-69
64-->src\main\AndroidManifest.xml:12:25-66
65
66                <category android:name="android.intent.category.DEFAULT" />
66-->src\main\AndroidManifest.xml:13:17-76
66-->src\main\AndroidManifest.xml:13:27-73
67                <category android:name="android.intent.category.BROWSABLE" />
67-->src\main\AndroidManifest.xml:14:17-78
67-->src\main\AndroidManifest.xml:14:27-75
68
69                <data
69-->src\main\AndroidManifest.xml:15:17-50
70                    android:host=" "
70-->src\main\AndroidManifest.xml:21:23-39
71                    android:pathPrefix="/"
71-->src\main\AndroidManifest.xml:21:40-62
72                    android:scheme=" " />
72-->src\main\AndroidManifest.xml:15:23-47
73            </intent-filter>
74        </activity>
75
76        <provider
77            android:name="androidx.core.content.FileProvider"
77-->src\main\AndroidManifest.xml:24:141-190
78            android:authorities="com.exemplo.App3fit.cdv.core.file.provider"
78-->src\main\AndroidManifest.xml:24:19-80
79            android:exported="false"
79-->src\main\AndroidManifest.xml:24:81-105
80            android:grantUriPermissions="true" >
80-->src\main\AndroidManifest.xml:24:106-140
81            <meta-data
81-->src\main\AndroidManifest.xml:25:13-130
82                android:name="android.support.FILE_PROVIDER_PATHS"
82-->src\main\AndroidManifest.xml:25:24-74
83                android:resource="@xml/cdv_core_file_provider_paths" />
83-->src\main\AndroidManifest.xml:25:75-127
84        </provider>
85        <provider
85-->[androidx.emoji2:emoji2:1.3.0] AndroidManifest.xml:24:9-32:20
86            android:name="androidx.startup.InitializationProvider"
86-->[androidx.emoji2:emoji2:1.3.0] AndroidManifest.xml:25:13-67
87            android:authorities="com.exemplo.App3fit.androidx-startup"
87-->[androidx.emoji2:emoji2:1.3.0] AndroidManifest.xml:26:13-68
88            android:exported="false" >
88-->[androidx.emoji2:emoji2:1.3.0] AndroidManifest.xml:27:13-37
89            <meta-data
89-->[androidx.emoji2:emoji2:1.3.0] AndroidManifest.xml:29:13-31:52
90                android:name="androidx.emoji2.text.EmojiCompatInitializer"
90-->[androidx.emoji2:emoji2:1.3.0] AndroidManifest.xml:30:17-75
91                android:value="androidx.startup" />
91-->[androidx.emoji2:emoji2:1.3.0] AndroidManifest.xml:31:17-49
92            <meta-data
92-->[androidx.lifecycle:lifecycle-process:2.6.2] AndroidManifest.xml:29:13-31:52
93                android:name="androidx.lifecycle.ProcessLifecycleInitializer"
93-->[androidx.lifecycle:lifecycle-process:2.6.2] AndroidManifest.xml:30:17-78
94                android:value="androidx.startup" />
94-->[androidx.lifecycle:lifecycle-process:2.6.2] AndroidManifest.xml:31:17-49
95            <meta-data
95-->[androidx.profileinstaller:profileinstaller:1.3.1] AndroidManifest.xml:29:13-31:52
96                android:name="androidx.profileinstaller.ProfileInstallerInitializer"
96-->[androidx.profileinstaller:profileinstaller:1.3.1] AndroidManifest.xml:30:17-85
97                android:value="androidx.startup" />
97-->[androidx.profileinstaller:profileinstaller:1.3.1] AndroidManifest.xml:31:17-49
98        </provider>
99
100        <receiver
100-->[androidx.profileinstaller:profileinstaller:1.3.1] AndroidManifest.xml:34:9-52:20
101            android:name="androidx.profileinstaller.ProfileInstallReceiver"
101-->[androidx.profileinstaller:profileinstaller:1.3.1] AndroidManifest.xml:35:13-76
102            android:directBootAware="false"
102-->[androidx.profileinstaller:profileinstaller:1.3.1] AndroidManifest.xml:36:13-44
103            android:enabled="true"
103-->[androidx.profileinstaller:profileinstaller:1.3.1] AndroidManifest.xml:37:13-35
104            android:exported="true"
104-->[androidx.profileinstaller:profileinstaller:1.3.1] AndroidManifest.xml:38:13-36
105            android:permission="android.permission.DUMP" >
105-->[androidx.profileinstaller:profileinstaller:1.3.1] AndroidManifest.xml:39:13-57
106            <intent-filter>
106-->[androidx.profileinstaller:profileinstaller:1.3.1] AndroidManifest.xml:40:13-42:29
107                <action android:name="androidx.profileinstaller.action.INSTALL_PROFILE" />
107-->[androidx.profileinstaller:profileinstaller:1.3.1] AndroidManifest.xml:41:17-91
107-->[androidx.profileinstaller:profileinstaller:1.3.1] AndroidManifest.xml:41:25-88
108            </intent-filter>
109            <intent-filter>
109-->[androidx.profileinstaller:profileinstaller:1.3.1] AndroidManifest.xml:43:13-45:29
110                <action android:name="androidx.profileinstaller.action.SKIP_FILE" />
110-->[androidx.profileinstaller:profileinstaller:1.3.1] AndroidManifest.xml:44:17-85
110-->[androidx.profileinstaller:profileinstaller:1.3.1] AndroidManifest.xml:44:25-82
111            </intent-filter>
112            <intent-filter>
112-->[androidx.profileinstaller:profileinstaller:1.3.1] AndroidManifest.xml:46:13-48:29
113                <action android:name="androidx.profileinstaller.action.SAVE_PROFILE" />
113-->[androidx.profileinstaller:profileinstaller:1.3.1] AndroidManifest.xml:47:17-88
113-->[androidx.profileinstaller:profileinstaller:1.3.1] AndroidManifest.xml:47:25-85
114            </intent-filter>
115            <intent-filter>
115-->[androidx.profileinstaller:profileinstaller:1.3.1] AndroidManifest.xml:49:13-51:29
116                <action android:name="androidx.profileinstaller.action.BENCHMARK_OPERATION" />
116-->[androidx.profileinstaller:profileinstaller:1.3.1] AndroidManifest.xml:50:17-95
116-->[androidx.profileinstaller:profileinstaller:1.3.1] AndroidManifest.xml:50:25-92
117            </intent-filter>
118        </receiver>
119    </application>
120
121</manifest>